#
# A fatal error has been detected by the Java Runtime Environment:
#
#  EXCEPTION_ACCESS_VIOLATION (0xc0000005) at pc=0x00000000605846e8, pid=6704, tid=6620
#
# JRE version: Java(TM) SE Runtime Environment (7.0_45-b18) (build 1.7.0_45-b18)
# Java VM: Java HotSpot(TM) 64-Bit Server VM (24.45-b08 mixed mode windows-amd64 compressed oops)
# Problematic frame:
# V  [jvm.dll+0x1146e8]
#
# Failed to write core dump. Minidumps are not enabled by default on client versions of Windows
#
# If you would like to submit a bug report, please visit:
#   http://bugreport.sun.com/bugreport/crash.jsp
#

---------------  T H R E A D  ---------------

Current thread (0x0000000002172800):  GCTaskThread [stack: 0x00000000060d0000,0x00000000061d0000] [id=6620]

siginfo: ExceptionCode=0xc0000005, reading address 0xffffffffffffffff

Registers:
RAX=0x00000000061d0000, RBX=0x0000000000000001, RCX=0x0000000000000000, RDX=0x0000000000000000
RSP=0x00000000061cf380, RBP=0x000000000a6f45a0, RSI=0x000000008578c658, RDI=0x0000000004000000
R8 =0x007fffffffc1f000, R9 =0x000000000a6f45a0, R10=0x000000000000004e, R11=0x00000000d94dca10
R12=0x000000008578c808, R13=0x0000000000006800, R14=0x00000000857727f8, R15=0x0000000000008000
RIP=0x00000000605846e8, EFLAGS=0x0000000000010246

Top of Stack: (sp=0x00000000061cf380)
0x00000000061cf380:   000000000b0402b0 000000006055de6b
0x00000000061cf390:   0000000080f7f878 00000000d94dd7a8
0x00000000061cf3a0:   0000000000000004 0000000060643522
0x00000000061cf3b0:   0000000000000000 00000000000003d8
0x00000000061cf3c0:   0000000002173158 00000000d94dd7b0
0x00000000061cf3d0:   0000000000000001 0000000060802768
0x00000000061cf3e0:   000000000a6f45a0 0000003d00000000
0x00000000061cf3f0:   0000000002172d80 0000000002172d80
0x00000000061cf400:   0000003d00000000 0000000000000000
0x00000000061cf410:   00000000857727f8 0000000000006600
0x00000000061cf420:   0000000002173158 0000000002172d80
0x00000000061cf430:   00000000061cf4c0 0000000002173158
0x00000000061cf440:   0000000002172d80 00000000000003d8
0x00000000061cf450:   0000000002172d80 000000000216ce40
0x00000000061cf460:   0000000002172d70 000000000a6358d0
0x00000000061cf470:   000000000a6f45a0 00000000607ff86e 

Instructions: (pc=0x00000000605846e8)
0x00000000605846c8:   05 83 f4 63 00 49 c1 e8 03 49 d3 e8 41 0f b6 c0
0x00000000605846d8:   49 c1 e8 06 24 3f 0f b6 d0 48 8b 05 98 f4 63 00
0x00000000605846e8:   4a 8b 0c c0 48 0f a3 d1 72 3e 48 8b cf e8 06 d5
0x00000000605846f8:   fb ff 84 c0 74 32 48 8b d7 48 8b cd e8 87 d0 fb 


Register to memory mapping:

RAX=0x00000000061d0000 is an unknown value
RBX=0x0000000000000001 is an unknown value
RCX=0x0000000000000000 is an unknown value
RDX=0x0000000000000000 is an unknown value
RSP=0x00000000061cf380 is an unknown value
RBP=0x000000000a6f45a0 is an unknown value
RSI=0x000000008578c658 is pointing into object: 0x00000000857727f8
[Lcom.sun.tools.javac.util.SharedNameTable$NameImpl; 
 - klass: 'com/sun/tools/javac/util/SharedNameTable$NameImpl'[]
 - length: 32768
RDI=0x0000000004000000 is an unknown value
R8 =0x007fffffffc1f000 is an unknown value
R9 =0x000000000a6f45a0 is an unknown value
R10=0x000000000000004e is an unknown value
R11=0x00000000d94dca10 is an oop
com.sun.tools.javac.util.SharedNameTable$NameImpl 
 - klass: 'com/sun/tools/javac/util/SharedNameTable$NameImpl'
R12=0x000000008578c808 is pointing into object: 0x00000000857727f8
[Lcom.sun.tools.javac.util.SharedNameTable$NameImpl; 
 - klass: 'com/sun/tools/javac/util/SharedNameTable$NameImpl'[]
 - length: 32768
R13=0x0000000000006800 is an unknown value
R14=0x00000000857727f8 is an oop
[Lcom.sun.tools.javac.util.SharedNameTable$NameImpl; 
 - klass: 'com/sun/tools/javac/util/SharedNameTable$NameImpl'[]
 - length: 32768
R15=0x0000000000008000 is an unknown value


Stack: [0x00000000060d0000,0x00000000061d0000],  sp=0x00000000061cf380,  free space=1020k
Native frames: (J=compiled Java code, j=interpreted, Vv=VM code, C=native code)
V  [jvm.dll+0x1146e8]


---------------  P R O C E S S  ---------------

Java Threads: ( => current thread )
  0x000000000a7a8800 JavaThread "Service Thread" daemon [_thread_blocked, id=6216, stack(0x000000000c170000,0x000000000c270000)]
  0x000000000a7a8000 JavaThread "C2 CompilerThread1" daemon [_thread_blocked, id=968, stack(0x000000000b7b0000,0x000000000b8b0000)]
  0x000000000a7a2000 JavaThread "C2 CompilerThread0" daemon [_thread_blocked, id=6320, stack(0x000000000c060000,0x000000000c160000)]
  0x000000000a7a0000 JavaThread "Attach Listener" daemon [_thread_blocked, id=7684, stack(0x000000000bc90000,0x000000000bd90000)]
  0x000000000a798800 JavaThread "Signal Dispatcher" daemon [_thread_blocked, id=7764, stack(0x000000000be00000,0x000000000bf00000)]
  0x000000000a747000 JavaThread "Finalizer" daemon [_thread_blocked, id=5580, stack(0x000000000bb50000,0x000000000bc50000)]
  0x000000000a73d800 JavaThread "Reference Handler" daemon [_thread_blocked, id=7528, stack(0x000000000b9d0000,0x000000000bad0000)]
  0x000000000211f000 JavaThread "main" [_thread_blocked, id=3448, stack(0x00000000024a0000,0x00000000025a0000)]

Other Threads:
  0x000000000a73a000 VMThread [stack: 0x000000000b8d0000,0x000000000b9d0000] [id=5496]
  0x000000000a7ba800 WatcherThread [stack: 0x000000000c300000,0x000000000c400000] [id=5880]

=>0x0000000002172800 (exited) GCTaskThread [stack: 0x00000000060d0000,0x00000000061d0000] [id=6620]

VM state:at safepoint (normal execution)

VM Mutex/Monitor currently owned by a thread:  ([mutex/lock_event])
[0x000000000211d690] Threads_lock - owner thread: 0x000000000a73a000
[0x000000000211db90] Heap_lock - owner thread: 0x000000000211f000

Heap
 PSYoungGen      total 36864K, used 5095K [0x00000000d7100000, 0x00000000db900000, 0x0000000100000000)
  eden space 31744K, 0% used [0x00000000d7100000,0x00000000d7100000,0x00000000d9000000)
  from space 5120K, 99% used [0x00000000d9000000,0x00000000d94f9e10,0x00000000d9500000)
  to   space 5120K, 0% used [0x00000000db400000,0x00000000db400000,0x00000000db900000)
 ParOldGen       total 83456K, used 11133K [0x0000000085400000, 0x000000008a580000, 0x00000000d7100000)
  object space 83456K, 13% used [0x0000000085400000,0x0000000085edf730,0x000000008a580000)
 PSPermGen       total 21504K, used 16847K [0x0000000080200000, 0x0000000081700000, 0x0000000085400000)
  object space 21504K, 78% used [0x0000000080200000,0x0000000081273f78,0x0000000081700000)

Card table byte_map: [0x00000000055a0000,0x00000000059a0000] byte_map_base: 0x000000000519f000

Polling page: 0x00000000005c0000

Code Cache  [0x00000000025a0000, 0x0000000002810000, 0x00000000055a0000)
 total_blobs=827 nmethods=526 adapters=253 free_code_cache=47413Kb largest_free_block=48507520

Compilation events (10 events):
Event: 14.384 Thread 0x000000000a7a8000 nmethod 546 0x0000000002724190 code [0x0000000002724320, 0x0000000002724718]
Event: 14.385 Thread 0x000000000a7a8000  548             com.sun.tools.javac.code.Symbol::exists (2 bytes)
Event: 14.385 Thread 0x000000000a7a8000 nmethod 548 0x000000000271da90 code [0x000000000271dbc0, 0x000000000271dc18]
Event: 14.385 Thread 0x000000000a7a8000  549             com.sun.tools.javac.comp.Attr::check (108 bytes)
Event: 14.386 Thread 0x000000000a7a2000 nmethod 547 0x0000000002759350 code [0x00000000027594e0, 0x0000000002759898]
Event: 14.386 Thread 0x000000000a7a2000  550             com.sun.tools.javac.comp.Check::checkDisjoint (62 bytes)
Event: 14.391 Thread 0x000000000a7a2000 nmethod 550 0x0000000002723b50 code [0x0000000002723ce0, 0x0000000002723f00]
Event: 14.391 Thread 0x000000000a7a2000  551             com.sun.tools.javac.code.Types$20::visitClassType (10 bytes)
Event: 14.418 Thread 0x000000000a7a2000 nmethod 551 0x00000000026e2090 code [0x00000000026e2280, 0x00000000026e27c0]
Event: 14.418 Thread 0x000000000a7a2000  552             com.sun.tools.javac.code.Types$20::visitClassType (129 bytes)

GC Heap History (10 events):
Event: 3.021 GC heap after
Heap after GC invocations=1 (full 0):
 PSYoungGen      total 36864K, used 4566K [0x00000000d7100000, 0x00000000d9a00000, 0x0000000100000000)
  eden space 31744K, 0% used [0x00000000d7100000,0x00000000d7100000,0x00000000d9000000)
  from space 5120K, 89% used [0x00000000d9000000,0x00000000d9475a98,0x00000000d9500000)
  to   space 5120K, 0% used [0x00000000d9500000,0x00000000d9500000,0x00000000d9a00000)
 ParOldGen       total 83456K, used 8K [0x0000000085400000, 0x000000008a580000, 0x00000000d7100000)
  object space 83456K, 0% used [0x0000000085400000,0x0000000085402000,0x000000008a580000)
 PSPermGen       total 21504K, used 7326K [0x0000000080200000, 0x0000000081700000, 0x0000000085400000)
  object space 21504K, 34% used [0x0000000080200000,0x0000000080927be0,0x0000000081700000)
}
Event: 5.390 GC heap before
{Heap before GC invocations=2 (full 0):
 PSYoungGen      total 36864K, used 36310K [0x00000000d7100000, 0x00000000d9a00000, 0x0000000100000000)
  eden space 31744K, 100% used [0x00000000d7100000,0x00000000d9000000,0x00000000d9000000)
  from space 5120K, 89% used [0x00000000d9000000,0x00000000d9475a98,0x00000000d9500000)
  to   space 5120K, 0% used [0x00000000d9500000,0x00000000d9500000,0x00000000d9a00000)
 ParOldGen       total 83456K, used 8K [0x0000000085400000, 0x000000008a580000, 0x00000000d7100000)
  object space 83456K, 0% used [0x0000000085400000,0x0000000085402000,0x000000008a580000)
 PSPermGen       total 21504K, used 11912K [0x0000000080200000, 0x0000000081700000, 0x0000000085400000)
  object space 21504K, 55% used [0x0000000080200000,0x0000000080da2208,0x0000000081700000)
Event: 5.414 GC heap after
Heap after GC invocations=2 (full 0):
 PSYoungGen      total 36864K, used 5111K [0x00000000d7100000, 0x00000000d9a00000, 0x0000000100000000)
  eden space 31744K, 0% used [0x00000000d7100000,0x00000000d7100000,0x00000000d9000000)
  from space 5120K, 99% used [0x00000000d9500000,0x00000000d99fdfe8,0x00000000d9a00000)
  to   space 5120K, 0% used [0x00000000d9000000,0x00000000d9000000,0x00000000d9500000)
 ParOldGen       total 83456K, used 1488K [0x0000000085400000, 0x000000008a580000, 0x00000000d7100000)
  object space 83456K, 1% used [0x0000000085400000,0x0000000085574168,0x000000008a580000)
 PSPermGen       total 21504K, used 11912K [0x0000000080200000, 0x0000000081700000, 0x0000000085400000)
  object space 21504K, 55% used [0x0000000080200000,0x0000000080da2208,0x0000000081700000)
}
Event: 8.256 GC heap before
{Heap before GC invocations=3 (full 0):
 PSYoungGen      total 36864K, used 36855K [0x00000000d7100000, 0x00000000d9a00000, 0x0000000100000000)
  eden space 31744K, 100% used [0x00000000d7100000,0x00000000d9000000,0x00000000d9000000)
  from space 5120K, 99% used [0x00000000d9500000,0x00000000d99fdfe8,0x00000000d9a00000)
  to   space 5120K, 0% used [0x00000000d9000000,0x00000000d9000000,0x00000000d9500000)
 ParOldGen       total 83456K, used 1488K [0x0000000085400000, 0x000000008a580000, 0x00000000d7100000)
  object space 83456K, 1% used [0x0000000085400000,0x0000000085574168,0x000000008a580000)
 PSPermGen       total 21504K, used 12511K [0x0000000080200000, 0x0000000081700000, 0x0000000085400000)
  object space 21504K, 58% used [0x0000000080200000,0x0000000080e37e00,0x0000000081700000)
Event: 8.283 GC heap after
Heap after GC invocations=3 (full 0):
 PSYoungGen      total 36864K, used 5100K [0x00000000d7100000, 0x00000000d9a00000, 0x0000000100000000)
  eden space 31744K, 0% used [0x00000000d7100000,0x00000000d7100000,0x00000000d9000000)
  from space 5120K, 99% used [0x00000000d9000000,0x00000000d94fb158,0x00000000d9500000)
  to   space 5120K, 0% used [0x00000000d9500000,0x00000000d9500000,0x00000000d9a00000)
 ParOldGen       total 83456K, used 1945K [0x0000000085400000, 0x000000008a580000, 0x00000000d7100000)
  object space 83456K, 2% used [0x0000000085400000,0x00000000855e67e8,0x000000008a580000)
 PSPermGen       total 21504K, used 12511K [0x0000000080200000, 0x0000000081700000, 0x0000000085400000)
  object space 21504K, 58% used [0x0000000080200000,0x0000000080e37e00,0x0000000081700000)
}
Event: 11.523 GC heap before
{Heap before GC invocations=4 (full 0):
 PSYoungGen      total 36864K, used 36844K [0x00000000d7100000, 0x00000000d9a00000, 0x0000000100000000)
  eden space 31744K, 100% used [0x00000000d7100000,0x00000000d9000000,0x00000000d9000000)
  from space 5120K, 99% used [0x00000000d9000000,0x00000000d94fb158,0x00000000d9500000)
  to   space 5120K, 0% used [0x00000000d9500000,0x00000000d9500000,0x00000000d9a00000)
 ParOldGen       total 83456K, used 1945K [0x0000000085400000, 0x000000008a580000, 0x00000000d7100000)
  object space 83456K, 2% used [0x0000000085400000,0x00000000855e67e8,0x000000008a580000)
 PSPermGen       total 21504K, used 16316K [0x0000000080200000, 0x0000000081700000, 0x0000000085400000)
  object space 21504K, 75% used [0x0000000080200000,0x00000000811ef128,0x0000000081700000)
Event: 11.582 GC heap after
Heap after GC invocations=4 (full 0):
 PSYoungGen      total 36864K, used 5109K [0x00000000d7100000, 0x00000000db900000, 0x0000000100000000)
  eden space 31744K, 0% used [0x00000000d7100000,0x00000000d7100000,0x00000000d9000000)
  from space 5120K, 99% used [0x00000000d9500000,0x00000000d99fd658,0x00000000d9a00000)
  to   space 5120K, 0% used [0x00000000d9000000,0x00000000d9000000,0x00000000d9500000)
 ParOldGen       total 83456K, used 8124K [0x0000000085400000, 0x000000008a580000, 0x00000000d7100000)
  object space 83456K, 9% used [0x0000000085400000,0x0000000085bef3c8,0x000000008a580000)
 PSPermGen       total 21504K, used 16316K [0x0000000080200000, 0x0000000081700000, 0x0000000085400000)
  object space 21504K, 75% used [0x0000000080200000,0x00000000811ef128,0x0000000081700000)
}
Event: 14.427 GC heap before
{Heap before GC invocations=5 (full 0):
 PSYoungGen      total 36864K, used 26080K [0x00000000d7100000, 0x00000000db900000, 0x0000000100000000)
  eden space 31744K, 66% used [0x00000000d7100000,0x00000000d857ad70,0x00000000d9000000)
  from space 5120K, 99% used [0x00000000d9500000,0x00000000d99fd658,0x00000000d9a00000)
  to   space 5120K, 0% used [0x00000000d9000000,0x00000000d9000000,0x00000000d9500000)
 ParOldGen       total 83456K, used 8124K [0x0000000085400000, 0x000000008a580000, 0x00000000d7100000)
  object space 83456K, 9% used [0x0000000085400000,0x0000000085bef3c8,0x000000008a580000)
 PSPermGen       total 21504K, used 16847K [0x0000000080200000, 0x0000000081700000, 0x0000000085400000)
  object space 21504K, 78% used [0x0000000080200000,0x0000000081273f78,0x0000000081700000)
Event: 14.470 GC heap after
Heap after GC invocations=5 (full 0):
 PSYoungGen      total 36864K, used 5095K [0x00000000d7100000, 0x00000000db900000, 0x0000000100000000)
  eden space 31744K, 0% used [0x00000000d7100000,0x00000000d7100000,0x00000000d9000000)
  from space 5120K, 99% used [0x00000000d9000000,0x00000000d94f9e10,0x00000000d9500000)
  to   space 5120K, 0% used [0x00000000db400000,0x00000000db400000,0x00000000db900000)
 ParOldGen       total 83456K, used 11133K [0x0000000085400000, 0x000000008a580000, 0x00000000d7100000)
  object space 83456K, 13% used [0x0000000085400000,0x0000000085edf730,0x000000008a580000)
 PSPermGen       total 21504K, used 16847K [0x0000000080200000, 0x0000000081700000, 0x0000000085400000)
  object space 21504K, 78% used [0x0000000080200000,0x0000000081273f78,0x0000000081700000)
}
Event: 14.470 GC heap before
{Heap before GC invocations=6 (full 1):
 PSYoungGen      total 36864K, used 5095K [0x00000000d7100000, 0x00000000db900000, 0x0000000100000000)
  eden space 31744K, 0% used [0x00000000d7100000,0x00000000d7100000,0x00000000d9000000)
  from space 5120K, 99% used [0x00000000d9000000,0x00000000d94f9e10,0x00000000d9500000)
  to   space 5120K, 0% used [0x00000000db400000,0x00000000db400000,0x00000000db900000)
 ParOldGen       total 83456K, used 11133K [0x0000000085400000, 0x000000008a580000, 0x00000000d7100000)
  object space 83456K, 13% used [0x0000000085400000,0x0000000085edf730,0x000000008a580000)
 PSPermGen       total 21504K, used 16847K [0x0000000080200000, 0x0000000081700000, 0x0000000085400000)
  object space 21504K, 78% used [0x0000000080200000,0x0000000081273f78,0x0000000081700000)

Deoptimization events (10 events):
Event: 12.068 Thread 0x000000000211f000 Uncommon trap: reason=unreached action=reinterpret pc=0x00000000026cc0a4 method=com.sun.tools.javac.code.Scope.enter(Lcom/sun/tools/javac/code/Symbol;Lcom/sun/tools/javac/code/Scope;Lcom/sun/tools/javac/code/Scope;)V @ 114
Event: 12.676 Thread 0x000000000211f000 Uncommon trap: reason=unreached action=reinterpret pc=0x0000000002704814 method=com.sun.tools.javac.code.Types$19.visitClassType(Lcom/sun/tools/javac/code/Type$ClassType;Ljava/lang/Void;)Lcom/sun/tools/javac/code/Type; @ 43
Event: 13.517 Thread 0x000000000211f000 Uncommon trap: reason=class_check action=maybe_recompile pc=0x00000000026fed90 method=com.sun.tools.javac.code.Type.isCompound()Z @ 14
Event: 13.517 Thread 0x000000000211f000 Uncommon trap: reason=class_check action=maybe_recompile pc=0x00000000026fed90 method=com.sun.tools.javac.code.Type.isCompound()Z @ 14
Event: 13.695 Thread 0x000000000211f000 Uncommon trap: reason=bimorphic action=maybe_recompile pc=0x0000000002714c14 method=com.sun.tools.javac.code.Types.capture(Lcom/sun/tools/javac/code/Type;)Lcom/sun/tools/javac/code/Type; @ 12
Event: 13.695 Thread 0x000000000211f000 Uncommon trap: reason=bimorphic action=maybe_recompile pc=0x0000000002714c14 method=com.sun.tools.javac.code.Types.capture(Lcom/sun/tools/javac/code/Type;)Lcom/sun/tools/javac/code/Type; @ 12
Event: 13.746 Thread 0x000000000211f000 Uncommon trap: reason=class_check action=maybe_recompile pc=0x00000000026fed90 method=com.sun.tools.javac.code.Type.isCompound()Z @ 14
Event: 13.746 Thread 0x000000000211f000 Uncommon trap: reason=class_check action=maybe_recompile pc=0x00000000026fed90 method=com.sun.tools.javac.code.Type.isCompound()Z @ 14
Event: 14.415 Thread 0x000000000211f000 Uncommon trap: reason=bimorphic action=maybe_recompile pc=0x0000000002693ee0 method=java.util.regex.Pattern$CharProperty.match(Ljava/util/regex/Matcher;ILjava/lang/CharSequence;)Z @ 37
Event: 14.415 Thread 0x000000000211f000 Uncommon trap: reason=bimorphic action=maybe_recompile pc=0x0000000002693ee0 method=java.util.regex.Pattern$CharProperty.match(Ljava/util/regex/Matcher;ILjava/lang/CharSequence;)Z @ 37

Internal exceptions (10 events):
Event: 11.965 Thread 0x000000000211f000 Threw 0x00000000d7711a08 at C:\re\jdk7u45\229\hotspot\src\share\vm\prims\jvm.cpp:1244
Event: 12.091 Thread 0x000000000211f000 Threw 0x00000000d77bd380 at C:\re\jdk7u45\229\hotspot\src\share\vm\prims\jvm.cpp:1244
Event: 12.387 Thread 0x000000000211f000 Threw 0x00000000d7921758 at C:\re\jdk7u45\229\hotspot\src\share\vm\prims\jvm.cpp:1244
Event: 14.197 Thread 0x000000000211f000 Threw 0x00000000d83b3e58 at C:\re\jdk7u45\229\hotspot\src\share\vm\prims\jvm.cpp:1244
Event: 14.198 Thread 0x000000000211f000 Threw 0x00000000d83b5480 at C:\re\jdk7u45\229\hotspot\src\share\vm\prims\jvm.cpp:1244
Event: 14.201 Thread 0x000000000211f000 Threw 0x00000000d83b97b0 at C:\re\jdk7u45\229\hotspot\src\share\vm\prims\jvm.cpp:1244
Event: 14.405 Thread 0x000000000211f000 Threw 0x00000000d851bb08 at C:\re\jdk7u45\229\hotspot\src\share\vm\prims\jvm.cpp:1244
Event: 14.405 Thread 0x000000000211f000 Threw 0x00000000d851c390 at C:\re\jdk7u45\229\hotspot\src\share\vm\prims\jvm.cpp:1244
Event: 14.405 Thread 0x000000000211f000 Threw 0x00000000d851c970 at C:\re\jdk7u45\229\hotspot\src\share\vm\prims\jvm.cpp:1244
Event: 14.405 Thread 0x000000000211f000 Threw 0x00000000d851cfd0 at C:\re\jdk7u45\229\hotspot\src\share\vm\prims\jvm.cpp:1244

Events (10 events):
Event: 14.417 loading class 0x000000000c5ad980 done
Event: 14.417 loading class 0x000000000d572a40
Event: 14.419 loading class 0x000000000c451f10
Event: 14.419 loading class 0x000000000c451f10 done
Event: 14.419 loading class 0x000000000d572a40 done
Event: 14.420 loading class 0x000000000d9ac4c0
Event: 14.420 loading class 0x000000000d9ac4c0 done
Event: 14.420 loading class 0x000000000c794260
Event: 14.421 loading class 0x000000000c794260 done
Event: 14.426 Executing VM operation: ParallelGCSystemGC


Dynamic libraries:
0x000000013fac0000 - 0x000000013faf3000 	C:\Program Files\Java\jdk1.7.0_45\bin\java.exe
0x0000000077ad0000 - 0x0000000077c79000 	C:\Windows\SYSTEM32\ntdll.dll
0x00000000779b0000 - 0x0000000077acf000 	C:\Windows\system32\kernel32.dll
0x000007fefcae0000 - 0x000007fefcb4c000 	C:\Windows\system32\KERNELBASE.dll
0x000007fefdda0000 - 0x000007fefde7b000 	C:\Windows\system32\ADVAPI32.dll
0x000007fefd7a0000 - 0x000007fefd83f000 	C:\Windows\system32\msvcrt.dll
0x000007fefdfd0000 - 0x000007fefdfef000 	C:\Windows\SYSTEM32\sechost.dll
0x000007fefd400000 - 0x000007fefd52d000 	C:\Windows\system32\RPCRT4.dll
0x00000000778b0000 - 0x00000000779aa000 	C:\Windows\system32\USER32.dll
0x000007fefded0000 - 0x000007fefdf37000 	C:\Windows\system32\GDI32.dll
0x000007fefd710000 - 0x000007fefd71e000 	C:\Windows\system32\LPK.dll
0x000007fefd530000 - 0x000007fefd5f9000 	C:\Windows\system32\USP10.dll
0x000007fefb690000 - 0x000007fefb884000 	C:\Windows\WinSxS\amd64_microsoft.windows.common-controls_6595b64144ccf1df_6.0.7601.17514_none_fa396087175ac9ac\COMCTL32.dll
0x000007fefd720000 - 0x000007fefd791000 	C:\Windows\system32\SHLWAPI.dll
0x000007fefefb0000 - 0x000007fefefde000 	C:\Windows\system32\IMM32.DLL
0x000007fefd600000 - 0x000007fefd709000 	C:\Windows\system32\MSCTF.dll
0x0000000067510000 - 0x00000000675e2000 	C:\Program Files\Java\jdk1.7.0_45\jre\bin\msvcr100.dll
0x0000000060470000 - 0x0000000060c39000 	C:\Program Files\Java\jdk1.7.0_45\jre\bin\server\jvm.dll
0x000007fef8f60000 - 0x000007fef8f69000 	C:\Windows\system32\WSOCK32.dll
0x000007fefde80000 - 0x000007fefdecd000 	C:\Windows\system32\WS2_32.dll
0x000007fefdfc0000 - 0x000007fefdfc8000 	C:\Windows\system32\NSI.dll
0x000007fefa780000 - 0x000007fefa7bb000 	C:\Windows\system32\WINMM.dll
0x0000000077ca0000 - 0x0000000077ca7000 	C:\Windows\system32\PSAPI.DLL
0x000000006e200000 - 0x000000006e20f000 	C:\Program Files\Java\jdk1.7.0_45\jre\bin\verify.dll
0x00000000674e0000 - 0x0000000067508000 	C:\Program Files\Java\jdk1.7.0_45\jre\bin\java.dll
0x000000006c420000 - 0x000000006c435000 	C:\Program Files\Java\jdk1.7.0_45\jre\bin\zip.dll
0x000000006c770000 - 0x000000006c789000 	C:\Program Files\Java\jdk1.7.0_45\jre\bin\net.dll
0x000007fefc230000 - 0x000007fefc285000 	C:\Windows\system32\mswsock.dll
0x000007fefc220000 - 0x000007fefc227000 	C:\Windows\System32\wship6.dll
0x0000000067470000 - 0x0000000067481000 	C:\Program Files\Java\jdk1.7.0_45\jre\bin\nio.dll
0x000007fefc890000 - 0x000007fefc8e7000 	C:\Windows\system32\apphelp.dll
0x000007fef85f0000 - 0x000007fef8715000 	C:\Windows\system32\dbghelp.dll

VM Arguments:
jvm_args: -Dclassworlds.conf=C:\Program Files\NetBeans 7.4\java\maven\bin\m2.conf -Dmaven.home=C:\Program Files\NetBeans 7.4\java\maven 
java_command: org.codehaus.plexus.classworlds.launcher.Launcher -Dmaven.ext.class.path=C:\Program Files\NetBeans 7.4\java\maven-nblib\netbeans-eventspy.jar clean install
Launcher Type: SUN_STANDARD

Environment Variables:
JAVA_HOME=C:\Program Files\Java\jdk1.7.0_45
CLASSPATH=C:\Program Files\Java\jdk1.7.0_45\lib;.;C:\Program Files\MySQL\MySQL Server 5.6\lib;
PATH=C:\Windows\system32;C:\Windows;C:\Windows\System32\Wbem;C:\Windows\System32\WindowsPowerShell\v1.0\;C:\Program Files (x86)\Java\jdk1.7.0_45\bin;C:\Program Files\MySQL\MySQL Server 5.6\bin;C:\Program Files\MySQL\MySQL Server 5.6\mysql-connector-java-5.1.26-bin;C:\Program Files (x86)\Smart Projects\IsoBuster;C:\Program Files\OpenVPN\bin;C:\Program Files\TortoiseSVN\bin;C:\Program Files\Microsoft\Web Platform Installer\;C:\Program Files (x86)\Microsoft ASP.NET\ASP.NET Web Pages\v1.0\;C:\Program Files\Microsoft SQL Server\110\Tools\Binn\;C:\Program Files (x86)\Windows Kits\8.1\Windows Performance Toolkit\;C:\Program Files (x86)\Microsoft SDKs\TypeScript\1.0\;C:\Program Files\Microsoft SQL Server\120\Tools\Binn\;E:\mongodb264\bin;D:\Hadoop251_work\DmsManager;C:\Program Files (x86)\Skype\Phone\
USERNAME=rajeev
OS=Windows_NT
PROCESSOR_IDENTIFIER=Intel64 Family 6 Model 37 Stepping 2, GenuineIntel



---------------  S Y S T E M  ---------------

OS: Windows 7 , 64 bit Build 7601 Service Pack 1

CPU:total 4 (2 cores per cpu, 2 threads per core) family 6 model 37 stepping 2, cmov, cx8, fxsr, mmx, sse, sse2, sse3, ssse3, sse4.1, sse4.2, popcnt, ht, tsc, tscinvbit

Memory: 4k page, physical 8042596k(3477064k free), swap 16083336k(9863896k free)

vm_info: Java HotSpot(TM) 64-Bit Server VM (24.45-b08) for windows-amd64 JRE (1.7.0_45-b18), built on Oct  8 2013 05:47:22 by "java_re" with unknown MS VC++:1600

time: Thu May 07 04:58:02 2015
elapsed time: 14 seconds

